c:\users\iveta\documents\visual studio 2015\projects\nezamestnanost_semestralka\nezamestnanost_semestralka\debug\vc140.pdb
c:\users\iveta\documents\visual studio 2015\projects\nezamestnanost_semestralka\nezamestnanost_semestralka\debug\vc140.idb
c:\users\iveta\documents\visual studio 2015\projects\nezamestnanost_semestralka\nezamestnanost_semestralka\debug\aplikacia.obj
c:\users\iveta\documents\visual studio 2015\projects\nezamestnanost_semestralka\nezamestnanost_semestralka\debug\kraj.obj
c:\users\iveta\documents\visual studio 2015\projects\nezamestnanost_semestralka\nezamestnanost_semestralka\debug\main.obj
c:\users\iveta\documents\visual studio 2015\projects\nezamestnanost_semestralka\nezamestnanost_semestralka\debug\okres.obj
c:\users\iveta\documents\visual studio 2015\projects\nezamestnanost_semestralka\nezamestnanost_semestralka\debug\okresvroku.obj
c:\users\iveta\documents\visual studio 2015\projects\nezamestnanost_semestralka\nezamestnanost_semestralka\debug\ds_routines.obj
c:\users\iveta\documents\visual studio 2015\projects\nezamestnanost_semestralka\nezamestnanost_semestralka\debug\memory_routines.obj
c:\users\iveta\documents\visual studio 2015\projects\nezamestnanost_semestralka\nezamestnanost_semestralka\debug\structure.obj
c:\users\iveta\documents\visual studio 2015\projects\nezamestnanost_semestralka\nezamestnanost_semestralka\debug\sort.obj
c:\users\iveta\documents\visual studio 2015\projects\nezamestnanost_semestralka\nezamestnanost_semestralka\debug\vector.obj
c:\users\iveta\documents\visual studio 2015\projects\nezamestnanost_semestralka\debug\nezamestnanost_semestralka.ilk
c:\users\iveta\documents\visual studio 2015\projects\nezamestnanost_semestralka\debug\nezamestnanost_semestralka.exe
c:\users\iveta\documents\visual studio 2015\projects\nezamestnanost_semestralka\debug\nezamestnanost_semestralka.pdb
c:\users\iveta\documents\visual studio 2015\projects\nezamestnanost_semestralka\nezamestnanost_semestralka\debug\nezamest.568c000f.tlog\cl.command.1.tlog
c:\users\iveta\documents\visual studio 2015\projects\nezamestnanost_semestralka\nezamestnanost_semestralka\debug\nezamest.568c000f.tlog\cl.read.1.tlog
c:\users\iveta\documents\visual studio 2015\projects\nezamestnanost_semestralka\nezamestnanost_semestralka\debug\nezamest.568c000f.tlog\cl.write.1.tlog
c:\users\iveta\documents\visual studio 2015\projects\nezamestnanost_semestralka\nezamestnanost_semestralka\debug\nezamest.568c000f.tlog\link.5780.delete.1.tlog
c:\users\iveta\documents\visual studio 2015\projects\nezamestnanost_semestralka\nezamestnanost_semestralka\debug\nezamest.568c000f.tlog\link.6580.delete.1.tlog
c:\users\iveta\documents\visual studio 2015\projects\nezamestnanost_semestralka\nezamestnanost_semestralka\debug\nezamest.568c000f.tlog\link.7772.delete.1.tlog
c:\users\iveta\documents\visual studio 2015\projects\nezamestnanost_semestralka\nezamestnanost_semestralka\debug\nezamest.568c000f.tlog\link.8116.delete.1.tlog
c:\users\iveta\documents\visual studio 2015\projects\nezamestnanost_semestralka\nezamestnanost_semestralka\debug\nezamest.568c000f.tlog\link.command.1.tlog
c:\users\iveta\documents\visual studio 2015\projects\nezamestnanost_semestralka\nezamestnanost_semestralka\debug\nezamest.568c000f.tlog\link.read.1.tlog
c:\users\iveta\documents\visual studio 2015\projects\nezamestnanost_semestralka\nezamestnanost_semestralka\debug\nezamest.568c000f.tlog\link.write.1.tlog
