c:\users\test\documents\visual studio 2015\projects\spolocnost_fri\spolocnost_fri\debug\vc140.pdb
c:\users\test\documents\visual studio 2015\projects\spolocnost_fri\spolocnost_fri\debug\vc140.idb
c:\users\test\documents\visual studio 2015\projects\spolocnost_fri\spolocnost_fri\debug\centralnysklad.obj
c:\users\test\documents\visual studio 2015\projects\spolocnost_fri\spolocnost_fri\debug\datum.obj
c:\users\test\documents\visual studio 2015\projects\spolocnost_fri\spolocnost_fri\debug\dodavatel.obj
c:\users\test\documents\visual studio 2015\projects\spolocnost_fri\spolocnost_fri\debug\main.obj
c:\users\test\documents\visual studio 2015\projects\spolocnost_fri\spolocnost_fri\debug\paleta.obj
c:\users\test\documents\visual studio 2015\projects\spolocnost_fri\spolocnost_fri\debug\region.obj
c:\users\test\documents\visual studio 2015\projects\spolocnost_fri\spolocnost_fri\debug\spolocnost_fri.obj
c:\users\test\documents\visual studio 2015\projects\spolocnost_fri\spolocnost_fri\debug\ds_routines.obj
c:\users\test\documents\visual studio 2015\projects\spolocnost_fri\spolocnost_fri\debug\memory_routines.obj
c:\users\test\documents\visual studio 2015\projects\spolocnost_fri\spolocnost_fri\debug\structure.obj
c:\users\test\documents\visual studio 2015\projects\spolocnost_fri\spolocnost_fri\debug\vector.obj
c:\users\test\documents\visual studio 2015\projects\spolocnost_fri\spolocnost_fri\debug\vozidlo.obj
c:\users\test\documents\visual studio 2015\projects\spolocnost_fri\debug\spolocnost_fri.ilk
c:\users\test\documents\visual studio 2015\projects\spolocnost_fri\debug\spolocnost_fri.exe
c:\users\test\documents\visual studio 2015\projects\spolocnost_fri\debug\spolocnost_fri.pdb
c:\users\test\documents\visual studio 2015\projects\spolocnost_fri\spolocnost_fri\debug\spolocnost_fri.tlog\cl.command.1.tlog
c:\users\test\documents\visual studio 2015\projects\spolocnost_fri\spolocnost_fri\debug\spolocnost_fri.tlog\cl.read.1.tlog
c:\users\test\documents\visual studio 2015\projects\spolocnost_fri\spolocnost_fri\debug\spolocnost_fri.tlog\cl.write.1.tlog
c:\users\test\documents\visual studio 2015\projects\spolocnost_fri\spolocnost_fri\debug\spolocnost_fri.tlog\link.command.1.tlog
c:\users\test\documents\visual studio 2015\projects\spolocnost_fri\spolocnost_fri\debug\spolocnost_fri.tlog\link.read.1.tlog
c:\users\test\documents\visual studio 2015\projects\spolocnost_fri\spolocnost_fri\debug\spolocnost_fri.tlog\link.write.1.tlog
